INFO - 2024-05-28 03:19:53 --> Session: Class initialized using 'CodeIgniter\Session\Handlers\FileHandler' driver.
INFO - 2024-05-28 03:19:55 --> Session: Class initialized using 'CodeIgniter\Session\Handlers\FileHandler' driver.
INFO - 2024-05-28 03:19:57 --> Session: Class initialized using 'CodeIgniter\Session\Handlers\FileHandler' driver.
INFO - 2024-05-28 03:19:59 --> Session: Class initialized using 'CodeIgniter\Session\Handlers\FileHandler' driver.
CRITICAL - 2024-05-28 03:19:59 --> ErrorException: Trying to access array offset on value of type null
[Method: POST, Route: auth]
in APPPATH\Models\UsersModel.php on line 33.
 1 APPPATH\Models\UsersModel.php(33): CodeIgniter\Debug\Exceptions->errorHandler(2, 'Trying to access array offset on value of type null', 'D:\\xampp\\htdocs\\agenda2\\app\\Models\\UsersModel.php', 33)
 2 APPPATH\Controllers\Login.php(26): App\Models\UsersModel->validateUser(null, 'asdf')
 3 SYSTEMPATH\CodeIgniter.php(933): App\Controllers\Login->auth()
 4 SYSTEMPATH\CodeIgniter.php(509): CodeIgniter\CodeIgniter->runController(Object(App\Controllers\Login))
 5 SYSTEMPATH\CodeIgniter.php(355): CodeIgniter\CodeIgniter->handleRequest(null, Object(Config\Cache), false)
 6 SYSTEMPATH\Boot.php(312): CodeIgniter\CodeIgniter->run()
 7 SYSTEMPATH\Boot.php(67): CodeIgniter\Boot::runCodeIgniter(Object(CodeIgniter\CodeIgniter))
 8 FCPATH\index.php(56): CodeIgniter\Boot::bootWeb(Object(Config\Paths))
INFO - 2024-05-28 03:21:15 --> Session: Class initialized using 'CodeIgniter\Session\Handlers\FileHandler' driver.
INFO - 2024-05-28 03:21:17 --> Session: Class initialized using 'CodeIgniter\Session\Handlers\FileHandler' driver.
INFO - 2024-05-28 03:21:18 --> Session: Class initialized using 'CodeIgniter\Session\Handlers\FileHandler' driver.
INFO - 2024-05-28 03:34:15 --> Session: Class initialized using 'CodeIgniter\Session\Handlers\FileHandler' driver.
INFO - 2024-05-28 03:34:41 --> Session: Class initialized using 'CodeIgniter\Session\Handlers\FileHandler' driver.
INFO - 2024-05-28 03:34:47 --> Session: Class initialized using 'CodeIgniter\Session\Handlers\FileHandler' driver.
INFO - 2024-05-28 03:34:47 --> Session: Class initialized using 'CodeIgniter\Session\Handlers\FileHandler' driver.
INFO - 2024-05-28 03:40:51 --> Session: Class initialized using 'CodeIgniter\Session\Handlers\FileHandler' driver.
INFO - 2024-05-28 03:40:52 --> Session: Class initialized using 'CodeIgniter\Session\Handlers\FileHandler' driver.
INFO - 2024-05-28 03:40:52 --> Session: Class initialized using 'CodeIgniter\Session\Handlers\FileHandler' driver.
INFO - 2024-05-28 03:41:53 --> Session: Class initialized using 'CodeIgniter\Session\Handlers\FileHandler' driver.
INFO - 2024-05-28 03:41:53 --> Session: Class initialized using 'CodeIgniter\Session\Handlers\FileHandler' driver.
INFO - 2024-05-28 03:41:55 --> Session: Class initialized using 'CodeIgniter\Session\Handlers\FileHandler' driver.
INFO - 2024-05-28 03:41:55 --> Session: Class initialized using 'CodeIgniter\Session\Handlers\FileHandler' driver.
INFO - 2024-05-28 03:42:44 --> Session: Class initialized using 'CodeIgniter\Session\Handlers\FileHandler' driver.
ERROR - 2024-05-28 04:48:12 --> mysqli_sql_exception: Unknown table 'agenda2.alumnos' in D:\xampp\htdocs\agenda2\system\Database\MySQLi\Connection.php:308
Stack trace:
#0 D:\xampp\htdocs\agenda2\system\Database\MySQLi\Connection.php(308): mysqli->query('DROP TABLE `alu...', 0)
#1 D:\xampp\htdocs\agenda2\system\Database\BaseConnection.php(722): CodeIgniter\Database\MySQLi\Connection->execute('DROP TABLE `alu...')
#2 D:\xampp\htdocs\agenda2\system\Database\BaseConnection.php(636): CodeIgniter\Database\BaseConnection->simpleQuery('DROP TABLE `alu...')
#3 D:\xampp\htdocs\agenda2\system\Database\Forge.php(663): CodeIgniter\Database\BaseConnection->query('DROP TABLE `alu...')
#4 D:\xampp\htdocs\agenda2\app\Database\Migrations\2024-05-28-044100_Alumnos.php(59): CodeIgniter\Database\Forge->dropTable('alumnos')
#5 D:\xampp\htdocs\agenda2\system\Database\MigrationRunner.php(867): App\Database\Migrations\Alumnos->down()
#6 D:\xampp\htdocs\agenda2\system\Database\MigrationRunner.php(290): CodeIgniter\Database\MigrationRunner->migrate('down', Object(stdClass))
#7 D:\xampp\htdocs\agenda2\system\Commands\Database\MigrateRollback.php(87): CodeIgniter\Database\MigrationRunner->regress(1)
#8 D:\xampp\htdocs\agenda2\system\CLI\Commands.php(70): CodeIgniter\Commands\Database\MigrateRollback->run(Array)
#9 D:\xampp\htdocs\agenda2\system\CLI\Console.php(48): CodeIgniter\CLI\Commands->run('migrate:rollbac...', Array)
#10 D:\xampp\htdocs\agenda2\system\Boot.php(338): CodeIgniter\CLI\Console->run()
#11 D:\xampp\htdocs\agenda2\system\Boot.php(104): CodeIgniter\Boot::runCommand(Object(CodeIgniter\CLI\Console))
#12 D:\xampp\htdocs\agenda2\spark(84): CodeIgniter\Boot::bootSpark(Object(Config\Paths))
#13 {main}
ERROR - 2024-05-28 04:53:45 --> mysqli_sql_exception: Unknown table 'agenda2.alumnos' in D:\xampp\htdocs\agenda2\system\Database\MySQLi\Connection.php:308
Stack trace:
#0 D:\xampp\htdocs\agenda2\system\Database\MySQLi\Connection.php(308): mysqli->query('DROP TABLE `alu...', 0)
#1 D:\xampp\htdocs\agenda2\system\Database\BaseConnection.php(722): CodeIgniter\Database\MySQLi\Connection->execute('DROP TABLE `alu...')
#2 D:\xampp\htdocs\agenda2\system\Database\BaseConnection.php(636): CodeIgniter\Database\BaseConnection->simpleQuery('DROP TABLE `alu...')
#3 D:\xampp\htdocs\agenda2\system\Database\Forge.php(663): CodeIgniter\Database\BaseConnection->query('DROP TABLE `alu...')
#4 D:\xampp\htdocs\agenda2\app\Database\Migrations\2024-05-28-044100_Alumnos.php(60): CodeIgniter\Database\Forge->dropTable('alumnos')
#5 D:\xampp\htdocs\agenda2\system\Database\MigrationRunner.php(867): App\Database\Migrations\Alumnos->down()
#6 D:\xampp\htdocs\agenda2\system\Database\MigrationRunner.php(290): CodeIgniter\Database\MigrationRunner->migrate('down', Object(stdClass))
#7 D:\xampp\htdocs\agenda2\system\Commands\Database\MigrateRollback.php(87): CodeIgniter\Database\MigrationRunner->regress(1)
#8 D:\xampp\htdocs\agenda2\system\CLI\Commands.php(70): CodeIgniter\Commands\Database\MigrateRollback->run(Array)
#9 D:\xampp\htdocs\agenda2\system\CLI\Console.php(48): CodeIgniter\CLI\Commands->run('migrate:rollbac...', Array)
#10 D:\xampp\htdocs\agenda2\system\Boot.php(338): CodeIgniter\CLI\Console->run()
#11 D:\xampp\htdocs\agenda2\system\Boot.php(104): CodeIgniter\Boot::runCommand(Object(CodeIgniter\CLI\Console))
#12 D:\xampp\htdocs\agenda2\spark(84): CodeIgniter\Boot::bootSpark(Object(Config\Paths))
#13 {main}
ERROR - 2024-05-28 04:57:23 --> mysqli_sql_exception: Can't create table `agenda2`.`alumnos` (errno: 150 "Foreign key constraint is incorrectly formed") in D:\xampp\htdocs\agenda2\system\Database\MySQLi\Connection.php:308
Stack trace:
#0 D:\xampp\htdocs\agenda2\system\Database\MySQLi\Connection.php(308): mysqli->query('CREATE TABLE `a...', 0)
#1 D:\xampp\htdocs\agenda2\system\Database\BaseConnection.php(722): CodeIgniter\Database\MySQLi\Connection->execute('CREATE TABLE `a...')
#2 D:\xampp\htdocs\agenda2\system\Database\BaseConnection.php(636): CodeIgniter\Database\BaseConnection->simpleQuery('CREATE TABLE `a...')
#3 D:\xampp\htdocs\agenda2\system\Database\Forge.php(570): CodeIgniter\Database\BaseConnection->query('CREATE TABLE `a...')
#4 D:\xampp\htdocs\agenda2\app\Database\Migrations\2024-05-28-044100_Alumnos.php(46): CodeIgniter\Database\Forge->createTable('alumnos')
#5 D:\xampp\htdocs\agenda2\system\Database\MigrationRunner.php(867): App\Database\Migrations\Alumnos->up()
#6 D:\xampp\htdocs\agenda2\system\Database\MigrationRunner.php(183): CodeIgniter\Database\MigrationRunner->migrate('up', Object(stdClass))
#7 D:\xampp\htdocs\agenda2\system\Commands\Database\Migrate.php(85): CodeIgniter\Database\MigrationRunner->latest(NULL)
#8 D:\xampp\htdocs\agenda2\system\CLI\Commands.php(70): CodeIgniter\Commands\Database\Migrate->run(Array)
#9 D:\xampp\htdocs\agenda2\system\CLI\Console.php(48): CodeIgniter\CLI\Commands->run('migrate', Array)
#10 D:\xampp\htdocs\agenda2\system\Boot.php(338): CodeIgniter\CLI\Console->run()
#11 D:\xampp\htdocs\agenda2\system\Boot.php(104): CodeIgniter\Boot::runCommand(Object(CodeIgniter\CLI\Console))
#12 D:\xampp\htdocs\agenda2\spark(84): CodeIgniter\Boot::bootSpark(Object(Config\Paths))
#13 {main}
ERROR - 2024-05-28 04:57:53 --> mysqli_sql_exception: Can't create table `agenda2`.`alumnos` (errno: 150 "Foreign key constraint is incorrectly formed") in D:\xampp\htdocs\agenda2\system\Database\MySQLi\Connection.php:308
Stack trace:
#0 D:\xampp\htdocs\agenda2\system\Database\MySQLi\Connection.php(308): mysqli->query('CREATE TABLE `a...', 0)
#1 D:\xampp\htdocs\agenda2\system\Database\BaseConnection.php(722): CodeIgniter\Database\MySQLi\Connection->execute('CREATE TABLE `a...')
#2 D:\xampp\htdocs\agenda2\system\Database\BaseConnection.php(636): CodeIgniter\Database\BaseConnection->simpleQuery('CREATE TABLE `a...')
#3 D:\xampp\htdocs\agenda2\system\Database\Forge.php(570): CodeIgniter\Database\BaseConnection->query('CREATE TABLE `a...')
#4 D:\xampp\htdocs\agenda2\app\Database\Migrations\2024-05-28-044100_Alumnos.php(46): CodeIgniter\Database\Forge->createTable('alumnos')
#5 D:\xampp\htdocs\agenda2\system\Database\MigrationRunner.php(867): App\Database\Migrations\Alumnos->up()
#6 D:\xampp\htdocs\agenda2\system\Database\MigrationRunner.php(183): CodeIgniter\Database\MigrationRunner->migrate('up', Object(stdClass))
#7 D:\xampp\htdocs\agenda2\system\Commands\Database\Migrate.php(85): CodeIgniter\Database\MigrationRunner->latest(NULL)
#8 D:\xampp\htdocs\agenda2\system\CLI\Commands.php(70): CodeIgniter\Commands\Database\Migrate->run(Array)
#9 D:\xampp\htdocs\agenda2\system\CLI\Console.php(48): CodeIgniter\CLI\Commands->run('migrate', Array)
#10 D:\xampp\htdocs\agenda2\system\Boot.php(338): CodeIgniter\CLI\Console->run()
#11 D:\xampp\htdocs\agenda2\system\Boot.php(104): CodeIgniter\Boot::runCommand(Object(CodeIgniter\CLI\Console))
#12 D:\xampp\htdocs\agenda2\spark(84): CodeIgniter\Boot::bootSpark(Object(Config\Paths))
#13 {main}
ERROR - 2024-05-28 05:01:15 --> mysqli_sql_exception: Invalid default value for 'created_at' in D:\xampp\htdocs\agenda2\system\Database\MySQLi\Connection.php:308
Stack trace:
#0 D:\xampp\htdocs\agenda2\system\Database\MySQLi\Connection.php(308): mysqli->query('CREATE TABLE `a...', 0)
#1 D:\xampp\htdocs\agenda2\system\Database\BaseConnection.php(722): CodeIgniter\Database\MySQLi\Connection->execute('CREATE TABLE `a...')
#2 D:\xampp\htdocs\agenda2\system\Database\BaseConnection.php(636): CodeIgniter\Database\BaseConnection->simpleQuery('CREATE TABLE `a...')
#3 D:\xampp\htdocs\agenda2\system\Database\Forge.php(570): CodeIgniter\Database\BaseConnection->query('CREATE TABLE `a...')
#4 D:\xampp\htdocs\agenda2\app\Database\Migrations\2024-05-28-044100_Alumnos.php(55): CodeIgniter\Database\Forge->createTable('alumnos')
#5 D:\xampp\htdocs\agenda2\system\Database\MigrationRunner.php(867): App\Database\Migrations\Alumnos->up()
#6 D:\xampp\htdocs\agenda2\system\Database\MigrationRunner.php(183): CodeIgniter\Database\MigrationRunner->migrate('up', Object(stdClass))
#7 D:\xampp\htdocs\agenda2\system\Commands\Database\Migrate.php(85): CodeIgniter\Database\MigrationRunner->latest(NULL)
#8 D:\xampp\htdocs\agenda2\system\CLI\Commands.php(70): CodeIgniter\Commands\Database\Migrate->run(Array)
#9 D:\xampp\htdocs\agenda2\system\CLI\Console.php(48): CodeIgniter\CLI\Commands->run('migrate', Array)
#10 D:\xampp\htdocs\agenda2\system\Boot.php(338): CodeIgniter\CLI\Console->run()
#11 D:\xampp\htdocs\agenda2\system\Boot.php(104): CodeIgniter\Boot::runCommand(Object(CodeIgniter\CLI\Console))
#12 D:\xampp\htdocs\agenda2\spark(84): CodeIgniter\Boot::bootSpark(Object(Config\Paths))
#13 {main}
ERROR - 2024-05-28 05:02:49 --> mysqli_sql_exception: Invalid default value for 'created_at' in D:\xampp\htdocs\agenda2\system\Database\MySQLi\Connection.php:308
Stack trace:
#0 D:\xampp\htdocs\agenda2\system\Database\MySQLi\Connection.php(308): mysqli->query('CREATE TABLE `a...', 0)
#1 D:\xampp\htdocs\agenda2\system\Database\BaseConnection.php(722): CodeIgniter\Database\MySQLi\Connection->execute('CREATE TABLE `a...')
#2 D:\xampp\htdocs\agenda2\system\Database\BaseConnection.php(636): CodeIgniter\Database\BaseConnection->simpleQuery('CREATE TABLE `a...')
#3 D:\xampp\htdocs\agenda2\system\Database\Forge.php(570): CodeIgniter\Database\BaseConnection->query('CREATE TABLE `a...')
#4 D:\xampp\htdocs\agenda2\app\Database\Migrations\2024-05-28-044100_Alumnos.php(57): CodeIgniter\Database\Forge->createTable('alumnos')
#5 D:\xampp\htdocs\agenda2\system\Database\MigrationRunner.php(867): App\Database\Migrations\Alumnos->up()
#6 D:\xampp\htdocs\agenda2\system\Database\MigrationRunner.php(183): CodeIgniter\Database\MigrationRunner->migrate('up', Object(stdClass))
#7 D:\xampp\htdocs\agenda2\system\Commands\Database\Migrate.php(85): CodeIgniter\Database\MigrationRunner->latest(NULL)
#8 D:\xampp\htdocs\agenda2\system\CLI\Commands.php(70): CodeIgniter\Commands\Database\Migrate->run(Array)
#9 D:\xampp\htdocs\agenda2\system\CLI\Console.php(48): CodeIgniter\CLI\Commands->run('migrate', Array)
#10 D:\xampp\htdocs\agenda2\system\Boot.php(338): CodeIgniter\CLI\Console->run()
#11 D:\xampp\htdocs\agenda2\system\Boot.php(104): CodeIgniter\Boot::runCommand(Object(CodeIgniter\CLI\Console))
#12 D:\xampp\htdocs\agenda2\spark(84): CodeIgniter\Boot::bootSpark(Object(Config\Paths))
#13 {main}
ERROR - 2024-05-28 05:03:48 --> mysqli_sql_exception: Can't create table `agenda2`.`alumnos` (errno: 150 "Foreign key constraint is incorrectly formed") in D:\xampp\htdocs\agenda2\system\Database\MySQLi\Connection.php:308
Stack trace:
#0 D:\xampp\htdocs\agenda2\system\Database\MySQLi\Connection.php(308): mysqli->query('CREATE TABLE `a...', 0)
#1 D:\xampp\htdocs\agenda2\system\Database\BaseConnection.php(722): CodeIgniter\Database\MySQLi\Connection->execute('CREATE TABLE `a...')
#2 D:\xampp\htdocs\agenda2\system\Database\BaseConnection.php(636): CodeIgniter\Database\BaseConnection->simpleQuery('CREATE TABLE `a...')
#3 D:\xampp\htdocs\agenda2\system\Database\Forge.php(570): CodeIgniter\Database\BaseConnection->query('CREATE TABLE `a...')
#4 D:\xampp\htdocs\agenda2\app\Database\Migrations\2024-05-28-044100_Alumnos.php(46): CodeIgniter\Database\Forge->createTable('alumnos')
#5 D:\xampp\htdocs\agenda2\system\Database\MigrationRunner.php(867): App\Database\Migrations\Alumnos->up()
#6 D:\xampp\htdocs\agenda2\system\Database\MigrationRunner.php(183): CodeIgniter\Database\MigrationRunner->migrate('up', Object(stdClass))
#7 D:\xampp\htdocs\agenda2\system\Commands\Database\Migrate.php(85): CodeIgniter\Database\MigrationRunner->latest(NULL)
#8 D:\xampp\htdocs\agenda2\system\CLI\Commands.php(70): CodeIgniter\Commands\Database\Migrate->run(Array)
#9 D:\xampp\htdocs\agenda2\system\CLI\Console.php(48): CodeIgniter\CLI\Commands->run('migrate', Array)
#10 D:\xampp\htdocs\agenda2\system\Boot.php(338): CodeIgniter\CLI\Console->run()
#11 D:\xampp\htdocs\agenda2\system\Boot.php(104): CodeIgniter\Boot::runCommand(Object(CodeIgniter\CLI\Console))
#12 D:\xampp\htdocs\agenda2\spark(84): CodeIgniter\Boot::bootSpark(Object(Config\Paths))
#13 {main}
ERROR - 2024-05-28 05:05:38 --> mysqli_sql_exception: Can't create table `agenda2`.`alumnos` (errno: 150 "Foreign key constraint is incorrectly formed") in D:\xampp\htdocs\agenda2\system\Database\MySQLi\Connection.php:308
Stack trace:
#0 D:\xampp\htdocs\agenda2\system\Database\MySQLi\Connection.php(308): mysqli->query('CREATE TABLE `a...', 0)
#1 D:\xampp\htdocs\agenda2\system\Database\BaseConnection.php(722): CodeIgniter\Database\MySQLi\Connection->execute('CREATE TABLE `a...')
#2 D:\xampp\htdocs\agenda2\system\Database\BaseConnection.php(636): CodeIgniter\Database\BaseConnection->simpleQuery('CREATE TABLE `a...')
#3 D:\xampp\htdocs\agenda2\system\Database\Forge.php(570): CodeIgniter\Database\BaseConnection->query('CREATE TABLE `a...')
#4 D:\xampp\htdocs\agenda2\app\Database\Migrations\2024-05-28-044100_Alumnos.php(46): CodeIgniter\Database\Forge->createTable('alumnos')
#5 D:\xampp\htdocs\agenda2\system\Database\MigrationRunner.php(867): App\Database\Migrations\Alumnos->up()
#6 D:\xampp\htdocs\agenda2\system\Database\MigrationRunner.php(183): CodeIgniter\Database\MigrationRunner->migrate('up', Object(stdClass))
#7 D:\xampp\htdocs\agenda2\system\Commands\Database\Migrate.php(85): CodeIgniter\Database\MigrationRunner->latest(NULL)
#8 D:\xampp\htdocs\agenda2\system\CLI\Commands.php(70): CodeIgniter\Commands\Database\Migrate->run(Array)
#9 D:\xampp\htdocs\agenda2\system\CLI\Console.php(48): CodeIgniter\CLI\Commands->run('migrate', Array)
#10 D:\xampp\htdocs\agenda2\system\Boot.php(338): CodeIgniter\CLI\Console->run()
#11 D:\xampp\htdocs\agenda2\system\Boot.php(104): CodeIgniter\Boot::runCommand(Object(CodeIgniter\CLI\Console))
#12 D:\xampp\htdocs\agenda2\spark(84): CodeIgniter\Boot::bootSpark(Object(Config\Paths))
#13 {main}
ERROR - 2024-05-28 05:06:04 --> mysqli_sql_exception: Can't create table `agenda2`.`alumnos` (errno: 150 "Foreign key constraint is incorrectly formed") in D:\xampp\htdocs\agenda2\system\Database\MySQLi\Connection.php:308
Stack trace:
#0 D:\xampp\htdocs\agenda2\system\Database\MySQLi\Connection.php(308): mysqli->query('CREATE TABLE `a...', 0)
#1 D:\xampp\htdocs\agenda2\system\Database\BaseConnection.php(722): CodeIgniter\Database\MySQLi\Connection->execute('CREATE TABLE `a...')
#2 D:\xampp\htdocs\agenda2\system\Database\BaseConnection.php(636): CodeIgniter\Database\BaseConnection->simpleQuery('CREATE TABLE `a...')
#3 D:\xampp\htdocs\agenda2\system\Database\Forge.php(570): CodeIgniter\Database\BaseConnection->query('CREATE TABLE `a...')
#4 D:\xampp\htdocs\agenda2\app\Database\Migrations\2024-05-28-044100_Alumnos.php(46): CodeIgniter\Database\Forge->createTable('alumnos')
#5 D:\xampp\htdocs\agenda2\system\Database\MigrationRunner.php(867): App\Database\Migrations\Alumnos->up()
#6 D:\xampp\htdocs\agenda2\system\Database\MigrationRunner.php(183): CodeIgniter\Database\MigrationRunner->migrate('up', Object(stdClass))
#7 D:\xampp\htdocs\agenda2\system\Commands\Database\Migrate.php(85): CodeIgniter\Database\MigrationRunner->latest(NULL)
#8 D:\xampp\htdocs\agenda2\system\CLI\Commands.php(70): CodeIgniter\Commands\Database\Migrate->run(Array)
#9 D:\xampp\htdocs\agenda2\system\CLI\Console.php(48): CodeIgniter\CLI\Commands->run('migrate', Array)
#10 D:\xampp\htdocs\agenda2\system\Boot.php(338): CodeIgniter\CLI\Console->run()
#11 D:\xampp\htdocs\agenda2\system\Boot.php(104): CodeIgniter\Boot::runCommand(Object(CodeIgniter\CLI\Console))
#12 D:\xampp\htdocs\agenda2\spark(84): CodeIgniter\Boot::bootSpark(Object(Config\Paths))
#13 {main}
ERROR - 2024-05-28 05:07:19 --> mysqli_sql_exception: Can't create table `agenda2`.`alumnos` (errno: 150 "Foreign key constraint is incorrectly formed") in D:\xampp\htdocs\agenda2\system\Database\MySQLi\Connection.php:308
Stack trace:
#0 D:\xampp\htdocs\agenda2\system\Database\MySQLi\Connection.php(308): mysqli->query('CREATE TABLE `a...', 0)
#1 D:\xampp\htdocs\agenda2\system\Database\BaseConnection.php(722): CodeIgniter\Database\MySQLi\Connection->execute('CREATE TABLE `a...')
#2 D:\xampp\htdocs\agenda2\system\Database\BaseConnection.php(636): CodeIgniter\Database\BaseConnection->simpleQuery('CREATE TABLE `a...')
#3 D:\xampp\htdocs\agenda2\system\Database\Forge.php(570): CodeIgniter\Database\BaseConnection->query('CREATE TABLE `a...')
#4 D:\xampp\htdocs\agenda2\app\Database\Migrations\2024-05-28-044100_Alumnos.php(46): CodeIgniter\Database\Forge->createTable('alumnos')
#5 D:\xampp\htdocs\agenda2\system\Database\MigrationRunner.php(867): App\Database\Migrations\Alumnos->up()
#6 D:\xampp\htdocs\agenda2\system\Database\MigrationRunner.php(183): CodeIgniter\Database\MigrationRunner->migrate('up', Object(stdClass))
#7 D:\xampp\htdocs\agenda2\system\Commands\Database\Migrate.php(85): CodeIgniter\Database\MigrationRunner->latest(NULL)
#8 D:\xampp\htdocs\agenda2\system\CLI\Commands.php(70): CodeIgniter\Commands\Database\Migrate->run(Array)
#9 D:\xampp\htdocs\agenda2\system\CLI\Console.php(48): CodeIgniter\CLI\Commands->run('migrate', Array)
#10 D:\xampp\htdocs\agenda2\system\Boot.php(338): CodeIgniter\CLI\Console->run()
#11 D:\xampp\htdocs\agenda2\system\Boot.php(104): CodeIgniter\Boot::runCommand(Object(CodeIgniter\CLI\Console))
#12 D:\xampp\htdocs\agenda2\spark(84): CodeIgniter\Boot::bootSpark(Object(Config\Paths))
#13 {main}
ERROR - 2024-05-28 05:09:57 --> mysqli_sql_exception: Can't create table `agenda2`.`alumnos` (errno: 150 "Foreign key constraint is incorrectly formed") in D:\xampp\htdocs\agenda2\system\Database\MySQLi\Connection.php:308
Stack trace:
#0 D:\xampp\htdocs\agenda2\system\Database\MySQLi\Connection.php(308): mysqli->query('CREATE TABLE `a...', 0)
#1 D:\xampp\htdocs\agenda2\system\Database\BaseConnection.php(722): CodeIgniter\Database\MySQLi\Connection->execute('CREATE TABLE `a...')
#2 D:\xampp\htdocs\agenda2\system\Database\BaseConnection.php(636): CodeIgniter\Database\BaseConnection->simpleQuery('CREATE TABLE `a...')
#3 D:\xampp\htdocs\agenda2\system\Database\Forge.php(570): CodeIgniter\Database\BaseConnection->query('CREATE TABLE `a...')
#4 D:\xampp\htdocs\agenda2\app\Database\Migrations\2024-05-28-044100_Alumnos.php(46): CodeIgniter\Database\Forge->createTable('alumnos')
#5 D:\xampp\htdocs\agenda2\system\Database\MigrationRunner.php(867): App\Database\Migrations\Alumnos->up()
#6 D:\xampp\htdocs\agenda2\system\Database\MigrationRunner.php(183): CodeIgniter\Database\MigrationRunner->migrate('up', Object(stdClass))
#7 D:\xampp\htdocs\agenda2\system\Commands\Database\Migrate.php(85): CodeIgniter\Database\MigrationRunner->latest(NULL)
#8 D:\xampp\htdocs\agenda2\system\CLI\Commands.php(70): CodeIgniter\Commands\Database\Migrate->run(Array)
#9 D:\xampp\htdocs\agenda2\system\CLI\Console.php(48): CodeIgniter\CLI\Commands->run('migrate', Array)
#10 D:\xampp\htdocs\agenda2\system\Boot.php(338): CodeIgniter\CLI\Console->run()
#11 D:\xampp\htdocs\agenda2\system\Boot.php(104): CodeIgniter\Boot::runCommand(Object(CodeIgniter\CLI\Console))
#12 D:\xampp\htdocs\agenda2\spark(84): CodeIgniter\Boot::bootSpark(Object(Config\Paths))
#13 {main}
ERROR - 2024-05-28 05:10:14 --> mysqli_sql_exception: Can't create table `agenda2`.`alumnos` (errno: 150 "Foreign key constraint is incorrectly formed") in D:\xampp\htdocs\agenda2\system\Database\MySQLi\Connection.php:308
Stack trace:
#0 D:\xampp\htdocs\agenda2\system\Database\MySQLi\Connection.php(308): mysqli->query('CREATE TABLE `a...', 0)
#1 D:\xampp\htdocs\agenda2\system\Database\BaseConnection.php(722): CodeIgniter\Database\MySQLi\Connection->execute('CREATE TABLE `a...')
#2 D:\xampp\htdocs\agenda2\system\Database\BaseConnection.php(636): CodeIgniter\Database\BaseConnection->simpleQuery('CREATE TABLE `a...')
#3 D:\xampp\htdocs\agenda2\system\Database\Forge.php(570): CodeIgniter\Database\BaseConnection->query('CREATE TABLE `a...')
#4 D:\xampp\htdocs\agenda2\app\Database\Migrations\2024-05-28-044100_Alumnos.php(46): CodeIgniter\Database\Forge->createTable('alumnos')
#5 D:\xampp\htdocs\agenda2\system\Database\MigrationRunner.php(867): App\Database\Migrations\Alumnos->up()
#6 D:\xampp\htdocs\agenda2\system\Database\MigrationRunner.php(183): CodeIgniter\Database\MigrationRunner->migrate('up', Object(stdClass))
#7 D:\xampp\htdocs\agenda2\system\Commands\Database\Migrate.php(85): CodeIgniter\Database\MigrationRunner->latest(NULL)
#8 D:\xampp\htdocs\agenda2\system\CLI\Commands.php(70): CodeIgniter\Commands\Database\Migrate->run(Array)
#9 D:\xampp\htdocs\agenda2\system\CLI\Console.php(48): CodeIgniter\CLI\Commands->run('migrate', Array)
#10 D:\xampp\htdocs\agenda2\system\Boot.php(338): CodeIgniter\CLI\Console->run()
#11 D:\xampp\htdocs\agenda2\system\Boot.php(104): CodeIgniter\Boot::runCommand(Object(CodeIgniter\CLI\Console))
#12 D:\xampp\htdocs\agenda2\spark(84): CodeIgniter\Boot::bootSpark(Object(Config\Paths))
#13 {main}
ERROR - 2024-05-28 05:11:19 --> mysqli_sql_exception: Can't create table `agenda2`.`alumnos` (errno: 150 "Foreign key constraint is incorrectly formed") in D:\xampp\htdocs\agenda2\system\Database\MySQLi\Connection.php:308
Stack trace:
#0 D:\xampp\htdocs\agenda2\system\Database\MySQLi\Connection.php(308): mysqli->query('CREATE TABLE `a...', 0)
#1 D:\xampp\htdocs\agenda2\system\Database\BaseConnection.php(722): CodeIgniter\Database\MySQLi\Connection->execute('CREATE TABLE `a...')
#2 D:\xampp\htdocs\agenda2\system\Database\BaseConnection.php(636): CodeIgniter\Database\BaseConnection->simpleQuery('CREATE TABLE `a...')
#3 D:\xampp\htdocs\agenda2\system\Database\Forge.php(570): CodeIgniter\Database\BaseConnection->query('CREATE TABLE `a...')
#4 D:\xampp\htdocs\agenda2\app\Database\Migrations\2024-05-28-044100_Alumnos.php(46): CodeIgniter\Database\Forge->createTable('alumnos')
#5 D:\xampp\htdocs\agenda2\system\Database\MigrationRunner.php(867): App\Database\Migrations\Alumnos->up()
#6 D:\xampp\htdocs\agenda2\system\Database\MigrationRunner.php(183): CodeIgniter\Database\MigrationRunner->migrate('up', Object(stdClass))
#7 D:\xampp\htdocs\agenda2\system\Commands\Database\Migrate.php(85): CodeIgniter\Database\MigrationRunner->latest(NULL)
#8 D:\xampp\htdocs\agenda2\system\CLI\Commands.php(70): CodeIgniter\Commands\Database\Migrate->run(Array)
#9 D:\xampp\htdocs\agenda2\system\CLI\Console.php(48): CodeIgniter\CLI\Commands->run('migrate', Array)
#10 D:\xampp\htdocs\agenda2\system\Boot.php(338): CodeIgniter\CLI\Console->run()
#11 D:\xampp\htdocs\agenda2\system\Boot.php(104): CodeIgniter\Boot::runCommand(Object(CodeIgniter\CLI\Console))
#12 D:\xampp\htdocs\agenda2\spark(84): CodeIgniter\Boot::bootSpark(Object(Config\Paths))
#13 {main}
ERROR - 2024-05-28 05:13:00 --> mysqli_sql_exception: Can't create table `agenda2`.`docentes` (errno: 150 "Foreign key constraint is incorrectly formed") in D:\xampp\htdocs\agenda2\system\Database\MySQLi\Connection.php:308
Stack trace:
#0 D:\xampp\htdocs\agenda2\system\Database\MySQLi\Connection.php(308): mysqli->query('CREATE TABLE `d...', 0)
#1 D:\xampp\htdocs\agenda2\system\Database\BaseConnection.php(722): CodeIgniter\Database\MySQLi\Connection->execute('CREATE TABLE `d...')
#2 D:\xampp\htdocs\agenda2\system\Database\BaseConnection.php(636): CodeIgniter\Database\BaseConnection->simpleQuery('CREATE TABLE `d...')
#3 D:\xampp\htdocs\agenda2\system\Database\Forge.php(570): CodeIgniter\Database\BaseConnection->query('CREATE TABLE `d...')
#4 D:\xampp\htdocs\agenda2\app\Database\Migrations\2024-05-28-035848_Docentes.php(40): CodeIgniter\Database\Forge->createTable('docentes')
#5 D:\xampp\htdocs\agenda2\system\Database\MigrationRunner.php(867): App\Database\Migrations\Docentes->up()
#6 D:\xampp\htdocs\agenda2\system\Database\MigrationRunner.php(183): CodeIgniter\Database\MigrationRunner->migrate('up', Object(stdClass))
#7 D:\xampp\htdocs\agenda2\system\Commands\Database\Migrate.php(85): CodeIgniter\Database\MigrationRunner->latest(NULL)
#8 D:\xampp\htdocs\agenda2\system\CLI\Commands.php(70): CodeIgniter\Commands\Database\Migrate->run(Array)
#9 D:\xampp\htdocs\agenda2\system\CLI\Console.php(48): CodeIgniter\CLI\Commands->run('migrate', Array)
#10 D:\xampp\htdocs\agenda2\system\Boot.php(338): CodeIgniter\CLI\Console->run()
#11 D:\xampp\htdocs\agenda2\system\Boot.php(104): CodeIgniter\Boot::runCommand(Object(CodeIgniter\CLI\Console))
#12 D:\xampp\htdocs\agenda2\spark(84): CodeIgniter\Boot::bootSpark(Object(Config\Paths))
#13 {main}
ERROR - 2024-05-28 05:14:37 --> mysqli_sql_exception: Can't create table `agenda2`.`docentes` (errno: 150 "Foreign key constraint is incorrectly formed") in D:\xampp\htdocs\agenda2\system\Database\MySQLi\Connection.php:308
Stack trace:
#0 D:\xampp\htdocs\agenda2\system\Database\MySQLi\Connection.php(308): mysqli->query('CREATE TABLE `d...', 0)
#1 D:\xampp\htdocs\agenda2\system\Database\BaseConnection.php(722): CodeIgniter\Database\MySQLi\Connection->execute('CREATE TABLE `d...')
#2 D:\xampp\htdocs\agenda2\system\Database\BaseConnection.php(636): CodeIgniter\Database\BaseConnection->simpleQuery('CREATE TABLE `d...')
#3 D:\xampp\htdocs\agenda2\system\Database\Forge.php(570): CodeIgniter\Database\BaseConnection->query('CREATE TABLE `d...')
#4 D:\xampp\htdocs\agenda2\app\Database\Migrations\2024-05-28-035848_Docentes.php(40): CodeIgniter\Database\Forge->createTable('docentes')
#5 D:\xampp\htdocs\agenda2\system\Database\MigrationRunner.php(867): App\Database\Migrations\Docentes->up()
#6 D:\xampp\htdocs\agenda2\system\Database\MigrationRunner.php(183): CodeIgniter\Database\MigrationRunner->migrate('up', Object(stdClass))
#7 D:\xampp\htdocs\agenda2\system\Commands\Database\Migrate.php(85): CodeIgniter\Database\MigrationRunner->latest(NULL)
#8 D:\xampp\htdocs\agenda2\system\CLI\Commands.php(70): CodeIgniter\Commands\Database\Migrate->run(Array)
#9 D:\xampp\htdocs\agenda2\system\CLI\Console.php(48): CodeIgniter\CLI\Commands->run('migrate', Array)
#10 D:\xampp\htdocs\agenda2\system\Boot.php(338): CodeIgniter\CLI\Console->run()
#11 D:\xampp\htdocs\agenda2\system\Boot.php(104): CodeIgniter\Boot::runCommand(Object(CodeIgniter\CLI\Console))
#12 D:\xampp\htdocs\agenda2\spark(84): CodeIgniter\Boot::bootSpark(Object(Config\Paths))
#13 {main}
ERROR - 2024-05-28 05:14:42 --> mysqli_sql_exception: Can't create table `agenda2`.`alumnos` (errno: 150 "Foreign key constraint is incorrectly formed") in D:\xampp\htdocs\agenda2\system\Database\MySQLi\Connection.php:308
Stack trace:
#0 D:\xampp\htdocs\agenda2\system\Database\MySQLi\Connection.php(308): mysqli->query('CREATE TABLE `a...', 0)
#1 D:\xampp\htdocs\agenda2\system\Database\BaseConnection.php(722): CodeIgniter\Database\MySQLi\Connection->execute('CREATE TABLE `a...')
#2 D:\xampp\htdocs\agenda2\system\Database\BaseConnection.php(636): CodeIgniter\Database\BaseConnection->simpleQuery('CREATE TABLE `a...')
#3 D:\xampp\htdocs\agenda2\system\Database\Forge.php(570): CodeIgniter\Database\BaseConnection->query('CREATE TABLE `a...')
#4 D:\xampp\htdocs\agenda2\app\Database\Migrations\2024-05-28-044100_Alumnos.php(46): CodeIgniter\Database\Forge->createTable('alumnos')
#5 D:\xampp\htdocs\agenda2\system\Database\MigrationRunner.php(867): App\Database\Migrations\Alumnos->up()
#6 D:\xampp\htdocs\agenda2\system\Database\MigrationRunner.php(183): CodeIgniter\Database\MigrationRunner->migrate('up', Object(stdClass))
#7 D:\xampp\htdocs\agenda2\system\Commands\Database\Migrate.php(85): CodeIgniter\Database\MigrationRunner->latest(NULL)
#8 D:\xampp\htdocs\agenda2\system\CLI\Commands.php(70): CodeIgniter\Commands\Database\Migrate->run(Array)
#9 D:\xampp\htdocs\agenda2\system\CLI\Console.php(48): CodeIgniter\CLI\Commands->run('migrate', Array)
#10 D:\xampp\htdocs\agenda2\system\Boot.php(338): CodeIgniter\CLI\Console->run()
#11 D:\xampp\htdocs\agenda2\system\Boot.php(104): CodeIgniter\Boot::runCommand(Object(CodeIgniter\CLI\Console))
#12 D:\xampp\htdocs\agenda2\spark(84): CodeIgniter\Boot::bootSpark(Object(Config\Paths))
#13 {main}
ERROR - 2024-05-28 05:15:15 --> mysqli_sql_exception: Invalid default value for 'created_at' in D:\xampp\htdocs\agenda2\system\Database\MySQLi\Connection.php:308
Stack trace:
#0 D:\xampp\htdocs\agenda2\system\Database\MySQLi\Connection.php(308): mysqli->query('CREATE TABLE `a...', 0)
#1 D:\xampp\htdocs\agenda2\system\Database\BaseConnection.php(722): CodeIgniter\Database\MySQLi\Connection->execute('CREATE TABLE `a...')
#2 D:\xampp\htdocs\agenda2\system\Database\BaseConnection.php(636): CodeIgniter\Database\BaseConnection->simpleQuery('CREATE TABLE `a...')
#3 D:\xampp\htdocs\agenda2\system\Database\Forge.php(570): CodeIgniter\Database\BaseConnection->query('CREATE TABLE `a...')
#4 D:\xampp\htdocs\agenda2\app\Database\Migrations\2024-05-28-044100_Alumnos.php(57): CodeIgniter\Database\Forge->createTable('alumnos')
#5 D:\xampp\htdocs\agenda2\system\Database\MigrationRunner.php(867): App\Database\Migrations\Alumnos->up()
#6 D:\xampp\htdocs\agenda2\system\Database\MigrationRunner.php(183): CodeIgniter\Database\MigrationRunner->migrate('up', Object(stdClass))
#7 D:\xampp\htdocs\agenda2\system\Commands\Database\Migrate.php(85): CodeIgniter\Database\MigrationRunner->latest(NULL)
#8 D:\xampp\htdocs\agenda2\system\CLI\Commands.php(70): CodeIgniter\Commands\Database\Migrate->run(Array)
#9 D:\xampp\htdocs\agenda2\system\CLI\Console.php(48): CodeIgniter\CLI\Commands->run('migrate', Array)
#10 D:\xampp\htdocs\agenda2\system\Boot.php(338): CodeIgniter\CLI\Console->run()
#11 D:\xampp\htdocs\agenda2\system\Boot.php(104): CodeIgniter\Boot::runCommand(Object(CodeIgniter\CLI\Console))
#12 D:\xampp\htdocs\agenda2\spark(84): CodeIgniter\Boot::bootSpark(Object(Config\Paths))
#13 {main}
ERROR - 2024-05-28 05:15:45 --> mysqli_sql_exception: Can't create table `agenda2`.`alumnos` (errno: 150 "Foreign key constraint is incorrectly formed") in D:\xampp\htdocs\agenda2\system\Database\MySQLi\Connection.php:308
Stack trace:
#0 D:\xampp\htdocs\agenda2\system\Database\MySQLi\Connection.php(308): mysqli->query('CREATE TABLE `a...', 0)
#1 D:\xampp\htdocs\agenda2\system\Database\BaseConnection.php(722): CodeIgniter\Database\MySQLi\Connection->execute('CREATE TABLE `a...')
#2 D:\xampp\htdocs\agenda2\system\Database\BaseConnection.php(636): CodeIgniter\Database\BaseConnection->simpleQuery('CREATE TABLE `a...')
#3 D:\xampp\htdocs\agenda2\system\Database\Forge.php(570): CodeIgniter\Database\BaseConnection->query('CREATE TABLE `a...')
#4 D:\xampp\htdocs\agenda2\app\Database\Migrations\2024-05-28-044100_Alumnos.php(46): CodeIgniter\Database\Forge->createTable('alumnos')
#5 D:\xampp\htdocs\agenda2\system\Database\MigrationRunner.php(867): App\Database\Migrations\Alumnos->up()
#6 D:\xampp\htdocs\agenda2\system\Database\MigrationRunner.php(183): CodeIgniter\Database\MigrationRunner->migrate('up', Object(stdClass))
#7 D:\xampp\htdocs\agenda2\system\Commands\Database\Migrate.php(85): CodeIgniter\Database\MigrationRunner->latest(NULL)
#8 D:\xampp\htdocs\agenda2\system\CLI\Commands.php(70): CodeIgniter\Commands\Database\Migrate->run(Array)
#9 D:\xampp\htdocs\agenda2\system\CLI\Console.php(48): CodeIgniter\CLI\Commands->run('migrate', Array)
#10 D:\xampp\htdocs\agenda2\system\Boot.php(338): CodeIgniter\CLI\Console->run()
#11 D:\xampp\htdocs\agenda2\system\Boot.php(104): CodeIgniter\Boot::runCommand(Object(CodeIgniter\CLI\Console))
#12 D:\xampp\htdocs\agenda2\spark(84): CodeIgniter\Boot::bootSpark(Object(Config\Paths))
#13 {main}
ERROR - 2024-05-28 05:17:52 --> mysqli_sql_exception: Invalid default value for 'created_at' in D:\xampp\htdocs\agenda2\system\Database\MySQLi\Connection.php:308
Stack trace:
#0 D:\xampp\htdocs\agenda2\system\Database\MySQLi\Connection.php(308): mysqli->query('CREATE TABLE `a...', 0)
#1 D:\xampp\htdocs\agenda2\system\Database\BaseConnection.php(722): CodeIgniter\Database\MySQLi\Connection->execute('CREATE TABLE `a...')
#2 D:\xampp\htdocs\agenda2\system\Database\BaseConnection.php(636): CodeIgniter\Database\BaseConnection->simpleQuery('CREATE TABLE `a...')
#3 D:\xampp\htdocs\agenda2\system\Database\Forge.php(570): CodeIgniter\Database\BaseConnection->query('CREATE TABLE `a...')
#4 D:\xampp\htdocs\agenda2\app\Database\Migrations\2024-05-28-044100_Alumnos.php(58): CodeIgniter\Database\Forge->createTable('alumnos')
#5 D:\xampp\htdocs\agenda2\system\Database\MigrationRunner.php(867): App\Database\Migrations\Alumnos->up()
#6 D:\xampp\htdocs\agenda2\system\Database\MigrationRunner.php(183): CodeIgniter\Database\MigrationRunner->migrate('up', Object(stdClass))
#7 D:\xampp\htdocs\agenda2\system\Commands\Database\Migrate.php(85): CodeIgniter\Database\MigrationRunner->latest(NULL)
#8 D:\xampp\htdocs\agenda2\system\CLI\Commands.php(70): CodeIgniter\Commands\Database\Migrate->run(Array)
#9 D:\xampp\htdocs\agenda2\system\CLI\Console.php(48): CodeIgniter\CLI\Commands->run('migrate', Array)
#10 D:\xampp\htdocs\agenda2\system\Boot.php(338): CodeIgniter\CLI\Console->run()
#11 D:\xampp\htdocs\agenda2\system\Boot.php(104): CodeIgniter\Boot::runCommand(Object(CodeIgniter\CLI\Console))
#12 D:\xampp\htdocs\agenda2\spark(84): CodeIgniter\Boot::bootSpark(Object(Config\Paths))
#13 {main}
ERROR - 2024-05-28 05:18:12 --> mysqli_sql_exception: Can't create table `agenda2`.`alumnos` (errno: 150 "Foreign key constraint is incorrectly formed") in D:\xampp\htdocs\agenda2\system\Database\MySQLi\Connection.php:308
Stack trace:
#0 D:\xampp\htdocs\agenda2\system\Database\MySQLi\Connection.php(308): mysqli->query('CREATE TABLE `a...', 0)
#1 D:\xampp\htdocs\agenda2\system\Database\BaseConnection.php(722): CodeIgniter\Database\MySQLi\Connection->execute('CREATE TABLE `a...')
#2 D:\xampp\htdocs\agenda2\system\Database\BaseConnection.php(636): CodeIgniter\Database\BaseConnection->simpleQuery('CREATE TABLE `a...')
#3 D:\xampp\htdocs\agenda2\system\Database\Forge.php(570): CodeIgniter\Database\BaseConnection->query('CREATE TABLE `a...')
#4 D:\xampp\htdocs\agenda2\app\Database\Migrations\2024-05-28-044100_Alumnos.php(48): CodeIgniter\Database\Forge->createTable('alumnos')
#5 D:\xampp\htdocs\agenda2\system\Database\MigrationRunner.php(867): App\Database\Migrations\Alumnos->up()
#6 D:\xampp\htdocs\agenda2\system\Database\MigrationRunner.php(183): CodeIgniter\Database\MigrationRunner->migrate('up', Object(stdClass))
#7 D:\xampp\htdocs\agenda2\system\Commands\Database\Migrate.php(85): CodeIgniter\Database\MigrationRunner->latest(NULL)
#8 D:\xampp\htdocs\agenda2\system\CLI\Commands.php(70): CodeIgniter\Commands\Database\Migrate->run(Array)
#9 D:\xampp\htdocs\agenda2\system\CLI\Console.php(48): CodeIgniter\CLI\Commands->run('migrate', Array)
#10 D:\xampp\htdocs\agenda2\system\Boot.php(338): CodeIgniter\CLI\Console->run()
#11 D:\xampp\htdocs\agenda2\system\Boot.php(104): CodeIgniter\Boot::runCommand(Object(CodeIgniter\CLI\Console))
#12 D:\xampp\htdocs\agenda2\spark(84): CodeIgniter\Boot::bootSpark(Object(Config\Paths))
#13 {main}
ERROR - 2024-05-28 05:18:35 --> mysqli_sql_exception: Can't create table `agenda2`.`alumnos` (errno: 150 "Foreign key constraint is incorrectly formed") in D:\xampp\htdocs\agenda2\system\Database\MySQLi\Connection.php:308
Stack trace:
#0 D:\xampp\htdocs\agenda2\system\Database\MySQLi\Connection.php(308): mysqli->query('CREATE TABLE `a...', 0)
#1 D:\xampp\htdocs\agenda2\system\Database\BaseConnection.php(722): CodeIgniter\Database\MySQLi\Connection->execute('CREATE TABLE `a...')
#2 D:\xampp\htdocs\agenda2\system\Database\BaseConnection.php(636): CodeIgniter\Database\BaseConnection->simpleQuery('CREATE TABLE `a...')
#3 D:\xampp\htdocs\agenda2\system\Database\Forge.php(570): CodeIgniter\Database\BaseConnection->query('CREATE TABLE `a...')
#4 D:\xampp\htdocs\agenda2\app\Database\Migrations\2024-05-28-044100_Alumnos.php(48): CodeIgniter\Database\Forge->createTable('alumnos')
#5 D:\xampp\htdocs\agenda2\system\Database\MigrationRunner.php(867): App\Database\Migrations\Alumnos->up()
#6 D:\xampp\htdocs\agenda2\system\Database\MigrationRunner.php(183): CodeIgniter\Database\MigrationRunner->migrate('up', Object(stdClass))
#7 D:\xampp\htdocs\agenda2\system\Commands\Database\Migrate.php(85): CodeIgniter\Database\MigrationRunner->latest(NULL)
#8 D:\xampp\htdocs\agenda2\system\CLI\Commands.php(70): CodeIgniter\Commands\Database\Migrate->run(Array)
#9 D:\xampp\htdocs\agenda2\system\CLI\Console.php(48): CodeIgniter\CLI\Commands->run('migrate', Array)
#10 D:\xampp\htdocs\agenda2\system\Boot.php(338): CodeIgniter\CLI\Console->run()
#11 D:\xampp\htdocs\agenda2\system\Boot.php(104): CodeIgniter\Boot::runCommand(Object(CodeIgniter\CLI\Console))
#12 D:\xampp\htdocs\agenda2\spark(84): CodeIgniter\Boot::bootSpark(Object(Config\Paths))
#13 {main}
ERROR - 2024-05-28 06:37:00 --> mysqli_sql_exception: Can't create table `agenda2`.`alumnos` (errno: 150 "Foreign key constraint is incorrectly formed") in D:\xampp\htdocs\agenda2\system\Database\MySQLi\Connection.php:308
Stack trace:
#0 D:\xampp\htdocs\agenda2\system\Database\MySQLi\Connection.php(308): mysqli->query('CREATE TABLE `a...', 0)
#1 D:\xampp\htdocs\agenda2\system\Database\BaseConnection.php(722): CodeIgniter\Database\MySQLi\Connection->execute('CREATE TABLE `a...')
#2 D:\xampp\htdocs\agenda2\system\Database\BaseConnection.php(636): CodeIgniter\Database\BaseConnection->simpleQuery('CREATE TABLE `a...')
#3 D:\xampp\htdocs\agenda2\system\Database\Forge.php(570): CodeIgniter\Database\BaseConnection->query('CREATE TABLE `a...')
#4 D:\xampp\htdocs\agenda2\app\Database\Migrations\2024-05-28-044100_Alumnos.php(48): CodeIgniter\Database\Forge->createTable('alumnos')
#5 D:\xampp\htdocs\agenda2\system\Database\MigrationRunner.php(867): App\Database\Migrations\Alumnos->up()
#6 D:\xampp\htdocs\agenda2\system\Database\MigrationRunner.php(183): CodeIgniter\Database\MigrationRunner->migrate('up', Object(stdClass))
#7 D:\xampp\htdocs\agenda2\system\Commands\Database\Migrate.php(85): CodeIgniter\Database\MigrationRunner->latest(NULL)
#8 D:\xampp\htdocs\agenda2\system\CLI\Commands.php(70): CodeIgniter\Commands\Database\Migrate->run(Array)
#9 D:\xampp\htdocs\agenda2\system\CLI\Console.php(48): CodeIgniter\CLI\Commands->run('migrate', Array)
#10 D:\xampp\htdocs\agenda2\system\Boot.php(338): CodeIgniter\CLI\Console->run()
#11 D:\xampp\htdocs\agenda2\system\Boot.php(104): CodeIgniter\Boot::runCommand(Object(CodeIgniter\CLI\Console))
#12 D:\xampp\htdocs\agenda2\spark(84): CodeIgniter\Boot::bootSpark(Object(Config\Paths))
#13 {main}
ERROR - 2024-05-28 06:37:22 --> mysqli_sql_exception: Can't create table `agenda2`.`alumnos` (errno: 150 "Foreign key constraint is incorrectly formed") in D:\xampp\htdocs\agenda2\system\Database\MySQLi\Connection.php:308
Stack trace:
#0 D:\xampp\htdocs\agenda2\system\Database\MySQLi\Connection.php(308): mysqli->query('CREATE TABLE `a...', 0)
#1 D:\xampp\htdocs\agenda2\system\Database\BaseConnection.php(722): CodeIgniter\Database\MySQLi\Connection->execute('CREATE TABLE `a...')
#2 D:\xampp\htdocs\agenda2\system\Database\BaseConnection.php(636): CodeIgniter\Database\BaseConnection->simpleQuery('CREATE TABLE `a...')
#3 D:\xampp\htdocs\agenda2\system\Database\Forge.php(570): CodeIgniter\Database\BaseConnection->query('CREATE TABLE `a...')
#4 D:\xampp\htdocs\agenda2\app\Database\Migrations\2024-05-28-044100_Alumnos.php(48): CodeIgniter\Database\Forge->createTable('alumnos')
#5 D:\xampp\htdocs\agenda2\system\Database\MigrationRunner.php(867): App\Database\Migrations\Alumnos->up()
#6 D:\xampp\htdocs\agenda2\system\Database\MigrationRunner.php(183): CodeIgniter\Database\MigrationRunner->migrate('up', Object(stdClass))
#7 D:\xampp\htdocs\agenda2\system\Commands\Database\Migrate.php(85): CodeIgniter\Database\MigrationRunner->latest(NULL)
#8 D:\xampp\htdocs\agenda2\system\CLI\Commands.php(70): CodeIgniter\Commands\Database\Migrate->run(Array)
#9 D:\xampp\htdocs\agenda2\system\CLI\Console.php(48): CodeIgniter\CLI\Commands->run('migrate', Array)
#10 D:\xampp\htdocs\agenda2\system\Boot.php(338): CodeIgniter\CLI\Console->run()
#11 D:\xampp\htdocs\agenda2\system\Boot.php(104): CodeIgniter\Boot::runCommand(Object(CodeIgniter\CLI\Console))
#12 D:\xampp\htdocs\agenda2\spark(84): CodeIgniter\Boot::bootSpark(Object(Config\Paths))
#13 {main}
ERROR - 2024-05-28 06:39:45 --> mysqli_sql_exception: Invalid default value for 'created_at' in D:\xampp\htdocs\agenda2\system\Database\MySQLi\Connection.php:308
Stack trace:
#0 D:\xampp\htdocs\agenda2\system\Database\MySQLi\Connection.php(308): mysqli->query('CREATE TABLE `a...', 0)
#1 D:\xampp\htdocs\agenda2\system\Database\BaseConnection.php(722): CodeIgniter\Database\MySQLi\Connection->execute('CREATE TABLE `a...')
#2 D:\xampp\htdocs\agenda2\system\Database\BaseConnection.php(636): CodeIgniter\Database\BaseConnection->simpleQuery('CREATE TABLE `a...')
#3 D:\xampp\htdocs\agenda2\system\Database\Forge.php(570): CodeIgniter\Database\BaseConnection->query('CREATE TABLE `a...')
#4 D:\xampp\htdocs\agenda2\app\Database\Migrations\2024-05-28-044100_Alumnos.php(58): CodeIgniter\Database\Forge->createTable('alumnos')
#5 D:\xampp\htdocs\agenda2\system\Database\MigrationRunner.php(867): App\Database\Migrations\Alumnos->up()
#6 D:\xampp\htdocs\agenda2\system\Database\MigrationRunner.php(183): CodeIgniter\Database\MigrationRunner->migrate('up', Object(stdClass))
#7 D:\xampp\htdocs\agenda2\system\Commands\Database\Migrate.php(85): CodeIgniter\Database\MigrationRunner->latest(NULL)
#8 D:\xampp\htdocs\agenda2\system\CLI\Commands.php(70): CodeIgniter\Commands\Database\Migrate->run(Array)
#9 D:\xampp\htdocs\agenda2\system\CLI\Console.php(48): CodeIgniter\CLI\Commands->run('migrate', Array)
#10 D:\xampp\htdocs\agenda2\system\Boot.php(338): CodeIgniter\CLI\Console->run()
#11 D:\xampp\htdocs\agenda2\system\Boot.php(104): CodeIgniter\Boot::runCommand(Object(CodeIgniter\CLI\Console))
#12 D:\xampp\htdocs\agenda2\spark(84): CodeIgniter\Boot::bootSpark(Object(Config\Paths))
#13 {main}
ERROR - 2024-05-28 06:40:42 --> mysqli_sql_exception: Invalid default value for 'created_at' in D:\xampp\htdocs\agenda2\system\Database\MySQLi\Connection.php:308
Stack trace:
#0 D:\xampp\htdocs\agenda2\system\Database\MySQLi\Connection.php(308): mysqli->query('CREATE TABLE `a...', 0)
#1 D:\xampp\htdocs\agenda2\system\Database\BaseConnection.php(722): CodeIgniter\Database\MySQLi\Connection->execute('CREATE TABLE `a...')
#2 D:\xampp\htdocs\agenda2\system\Database\BaseConnection.php(636): CodeIgniter\Database\BaseConnection->simpleQuery('CREATE TABLE `a...')
#3 D:\xampp\htdocs\agenda2\system\Database\Forge.php(570): CodeIgniter\Database\BaseConnection->query('CREATE TABLE `a...')
#4 D:\xampp\htdocs\agenda2\app\Database\Migrations\2024-05-28-044100_Alumnos.php(58): CodeIgniter\Database\Forge->createTable('alumnos')
#5 D:\xampp\htdocs\agenda2\system\Database\MigrationRunner.php(867): App\Database\Migrations\Alumnos->up()
#6 D:\xampp\htdocs\agenda2\system\Database\MigrationRunner.php(183): CodeIgniter\Database\MigrationRunner->migrate('up', Object(stdClass))
#7 D:\xampp\htdocs\agenda2\system\Commands\Database\Migrate.php(85): CodeIgniter\Database\MigrationRunner->latest(NULL)
#8 D:\xampp\htdocs\agenda2\system\CLI\Commands.php(70): CodeIgniter\Commands\Database\Migrate->run(Array)
#9 D:\xampp\htdocs\agenda2\system\CLI\Console.php(48): CodeIgniter\CLI\Commands->run('migrate', Array)
#10 D:\xampp\htdocs\agenda2\system\Boot.php(338): CodeIgniter\CLI\Console->run()
#11 D:\xampp\htdocs\agenda2\system\Boot.php(104): CodeIgniter\Boot::runCommand(Object(CodeIgniter\CLI\Console))
#12 D:\xampp\htdocs\agenda2\spark(84): CodeIgniter\Boot::bootSpark(Object(Config\Paths))
#13 {main}
ERROR - 2024-05-28 06:40:54 --> mysqli_sql_exception: Can't create table `agenda2`.`alumnos` (errno: 150 "Foreign key constraint is incorrectly formed") in D:\xampp\htdocs\agenda2\system\Database\MySQLi\Connection.php:308
Stack trace:
#0 D:\xampp\htdocs\agenda2\system\Database\MySQLi\Connection.php(308): mysqli->query('CREATE TABLE `a...', 0)
#1 D:\xampp\htdocs\agenda2\system\Database\BaseConnection.php(722): CodeIgniter\Database\MySQLi\Connection->execute('CREATE TABLE `a...')
#2 D:\xampp\htdocs\agenda2\system\Database\BaseConnection.php(636): CodeIgniter\Database\BaseConnection->simpleQuery('CREATE TABLE `a...')
#3 D:\xampp\htdocs\agenda2\system\Database\Forge.php(570): CodeIgniter\Database\BaseConnection->query('CREATE TABLE `a...')
#4 D:\xampp\htdocs\agenda2\app\Database\Migrations\2024-05-28-044100_Alumnos.php(48): CodeIgniter\Database\Forge->createTable('alumnos')
#5 D:\xampp\htdocs\agenda2\system\Database\MigrationRunner.php(867): App\Database\Migrations\Alumnos->up()
#6 D:\xampp\htdocs\agenda2\system\Database\MigrationRunner.php(183): CodeIgniter\Database\MigrationRunner->migrate('up', Object(stdClass))
#7 D:\xampp\htdocs\agenda2\system\Commands\Database\Migrate.php(85): CodeIgniter\Database\MigrationRunner->latest(NULL)
#8 D:\xampp\htdocs\agenda2\system\CLI\Commands.php(70): CodeIgniter\Commands\Database\Migrate->run(Array)
#9 D:\xampp\htdocs\agenda2\system\CLI\Console.php(48): CodeIgniter\CLI\Commands->run('migrate', Array)
#10 D:\xampp\htdocs\agenda2\system\Boot.php(338): CodeIgniter\CLI\Console->run()
#11 D:\xampp\htdocs\agenda2\system\Boot.php(104): CodeIgniter\Boot::runCommand(Object(CodeIgniter\CLI\Console))
#12 D:\xampp\htdocs\agenda2\spark(84): CodeIgniter\Boot::bootSpark(Object(Config\Paths))
#13 {main}
ERROR - 2024-05-28 06:41:34 --> mysqli_sql_exception: Can't create table `agenda2`.`alumnos` (errno: 150 "Foreign key constraint is incorrectly formed") in D:\xampp\htdocs\agenda2\system\Database\MySQLi\Connection.php:308
Stack trace:
#0 D:\xampp\htdocs\agenda2\system\Database\MySQLi\Connection.php(308): mysqli->query('CREATE TABLE `a...', 0)
#1 D:\xampp\htdocs\agenda2\system\Database\BaseConnection.php(722): CodeIgniter\Database\MySQLi\Connection->execute('CREATE TABLE `a...')
#2 D:\xampp\htdocs\agenda2\system\Database\BaseConnection.php(636): CodeIgniter\Database\BaseConnection->simpleQuery('CREATE TABLE `a...')
#3 D:\xampp\htdocs\agenda2\system\Database\Forge.php(570): CodeIgniter\Database\BaseConnection->query('CREATE TABLE `a...')
#4 D:\xampp\htdocs\agenda2\app\Database\Migrations\2024-05-28-044100_Alumnos.php(48): CodeIgniter\Database\Forge->createTable('alumnos')
#5 D:\xampp\htdocs\agenda2\system\Database\MigrationRunner.php(867): App\Database\Migrations\Alumnos->up()
#6 D:\xampp\htdocs\agenda2\system\Database\MigrationRunner.php(183): CodeIgniter\Database\MigrationRunner->migrate('up', Object(stdClass))
#7 D:\xampp\htdocs\agenda2\system\Commands\Database\Migrate.php(85): CodeIgniter\Database\MigrationRunner->latest(NULL)
#8 D:\xampp\htdocs\agenda2\system\CLI\Commands.php(70): CodeIgniter\Commands\Database\Migrate->run(Array)
#9 D:\xampp\htdocs\agenda2\system\CLI\Console.php(48): CodeIgniter\CLI\Commands->run('migrate', Array)
#10 D:\xampp\htdocs\agenda2\system\Boot.php(338): CodeIgniter\CLI\Console->run()
#11 D:\xampp\htdocs\agenda2\system\Boot.php(104): CodeIgniter\Boot::runCommand(Object(CodeIgniter\CLI\Console))
#12 D:\xampp\htdocs\agenda2\spark(84): CodeIgniter\Boot::bootSpark(Object(Config\Paths))
#13 {main}
ERROR - 2024-05-28 06:41:48 --> mysqli_sql_exception: Can't create table `agenda2`.`alumnos` (errno: 150 "Foreign key constraint is incorrectly formed") in D:\xampp\htdocs\agenda2\system\Database\MySQLi\Connection.php:308
Stack trace:
#0 D:\xampp\htdocs\agenda2\system\Database\MySQLi\Connection.php(308): mysqli->query('CREATE TABLE `a...', 0)
#1 D:\xampp\htdocs\agenda2\system\Database\BaseConnection.php(722): CodeIgniter\Database\MySQLi\Connection->execute('CREATE TABLE `a...')
#2 D:\xampp\htdocs\agenda2\system\Database\BaseConnection.php(636): CodeIgniter\Database\BaseConnection->simpleQuery('CREATE TABLE `a...')
#3 D:\xampp\htdocs\agenda2\system\Database\Forge.php(570): CodeIgniter\Database\BaseConnection->query('CREATE TABLE `a...')
#4 D:\xampp\htdocs\agenda2\app\Database\Migrations\2024-05-28-044100_Alumnos.php(48): CodeIgniter\Database\Forge->createTable('alumnos')
#5 D:\xampp\htdocs\agenda2\system\Database\MigrationRunner.php(867): App\Database\Migrations\Alumnos->up()
#6 D:\xampp\htdocs\agenda2\system\Database\MigrationRunner.php(183): CodeIgniter\Database\MigrationRunner->migrate('up', Object(stdClass))
#7 D:\xampp\htdocs\agenda2\system\Commands\Database\Migrate.php(85): CodeIgniter\Database\MigrationRunner->latest(NULL)
#8 D:\xampp\htdocs\agenda2\system\CLI\Commands.php(70): CodeIgniter\Commands\Database\Migrate->run(Array)
#9 D:\xampp\htdocs\agenda2\system\CLI\Console.php(48): CodeIgniter\CLI\Commands->run('migrate', Array)
#10 D:\xampp\htdocs\agenda2\system\Boot.php(338): CodeIgniter\CLI\Console->run()
#11 D:\xampp\htdocs\agenda2\system\Boot.php(104): CodeIgniter\Boot::runCommand(Object(CodeIgniter\CLI\Console))
#12 D:\xampp\htdocs\agenda2\spark(84): CodeIgniter\Boot::bootSpark(Object(Config\Paths))
#13 {main}
ERROR - 2024-05-28 06:42:13 --> mysqli_sql_exception: Can't create table `agenda2`.`alumnos` (errno: 150 "Foreign key constraint is incorrectly formed") in D:\xampp\htdocs\agenda2\system\Database\MySQLi\Connection.php:308
Stack trace:
#0 D:\xampp\htdocs\agenda2\system\Database\MySQLi\Connection.php(308): mysqli->query('CREATE TABLE `a...', 0)
#1 D:\xampp\htdocs\agenda2\system\Database\BaseConnection.php(722): CodeIgniter\Database\MySQLi\Connection->execute('CREATE TABLE `a...')
#2 D:\xampp\htdocs\agenda2\system\Database\BaseConnection.php(636): CodeIgniter\Database\BaseConnection->simpleQuery('CREATE TABLE `a...')
#3 D:\xampp\htdocs\agenda2\system\Database\Forge.php(570): CodeIgniter\Database\BaseConnection->query('CREATE TABLE `a...')
#4 D:\xampp\htdocs\agenda2\app\Database\Migrations\2024-05-28-044100_Alumnos.php(48): CodeIgniter\Database\Forge->createTable('alumnos')
#5 D:\xampp\htdocs\agenda2\system\Database\MigrationRunner.php(867): App\Database\Migrations\Alumnos->up()
#6 D:\xampp\htdocs\agenda2\system\Database\MigrationRunner.php(183): CodeIgniter\Database\MigrationRunner->migrate('up', Object(stdClass))
#7 D:\xampp\htdocs\agenda2\system\Commands\Database\Migrate.php(85): CodeIgniter\Database\MigrationRunner->latest(NULL)
#8 D:\xampp\htdocs\agenda2\system\CLI\Commands.php(70): CodeIgniter\Commands\Database\Migrate->run(Array)
#9 D:\xampp\htdocs\agenda2\system\CLI\Console.php(48): CodeIgniter\CLI\Commands->run('migrate', Array)
#10 D:\xampp\htdocs\agenda2\system\Boot.php(338): CodeIgniter\CLI\Console->run()
#11 D:\xampp\htdocs\agenda2\system\Boot.php(104): CodeIgniter\Boot::runCommand(Object(CodeIgniter\CLI\Console))
#12 D:\xampp\htdocs\agenda2\spark(84): CodeIgniter\Boot::bootSpark(Object(Config\Paths))
#13 {main}
ERROR - 2024-05-28 06:42:38 --> mysqli_sql_exception: Can't create table `agenda2`.`alumnos` (errno: 150 "Foreign key constraint is incorrectly formed") in D:\xampp\htdocs\agenda2\system\Database\MySQLi\Connection.php:308
Stack trace:
#0 D:\xampp\htdocs\agenda2\system\Database\MySQLi\Connection.php(308): mysqli->query('CREATE TABLE `a...', 0)
#1 D:\xampp\htdocs\agenda2\system\Database\BaseConnection.php(722): CodeIgniter\Database\MySQLi\Connection->execute('CREATE TABLE `a...')
#2 D:\xampp\htdocs\agenda2\system\Database\BaseConnection.php(636): CodeIgniter\Database\BaseConnection->simpleQuery('CREATE TABLE `a...')
#3 D:\xampp\htdocs\agenda2\system\Database\Forge.php(570): CodeIgniter\Database\BaseConnection->query('CREATE TABLE `a...')
#4 D:\xampp\htdocs\agenda2\app\Database\Migrations\2024-05-28-044100_Alumnos.php(48): CodeIgniter\Database\Forge->createTable('alumnos')
#5 D:\xampp\htdocs\agenda2\system\Database\MigrationRunner.php(867): App\Database\Migrations\Alumnos->up()
#6 D:\xampp\htdocs\agenda2\system\Database\MigrationRunner.php(183): CodeIgniter\Database\MigrationRunner->migrate('up', Object(stdClass))
#7 D:\xampp\htdocs\agenda2\system\Commands\Database\Migrate.php(85): CodeIgniter\Database\MigrationRunner->latest(NULL)
#8 D:\xampp\htdocs\agenda2\system\CLI\Commands.php(70): CodeIgniter\Commands\Database\Migrate->run(Array)
#9 D:\xampp\htdocs\agenda2\system\CLI\Console.php(48): CodeIgniter\CLI\Commands->run('migrate', Array)
#10 D:\xampp\htdocs\agenda2\system\Boot.php(338): CodeIgniter\CLI\Console->run()
#11 D:\xampp\htdocs\agenda2\system\Boot.php(104): CodeIgniter\Boot::runCommand(Object(CodeIgniter\CLI\Console))
#12 D:\xampp\htdocs\agenda2\spark(84): CodeIgniter\Boot::bootSpark(Object(Config\Paths))
#13 {main}
ERROR - 2024-05-28 06:43:14 --> mysqli_sql_exception: Can't create table `agenda2`.`alumnos` (errno: 150 "Foreign key constraint is incorrectly formed") in D:\xampp\htdocs\agenda2\system\Database\MySQLi\Connection.php:308
Stack trace:
#0 D:\xampp\htdocs\agenda2\system\Database\MySQLi\Connection.php(308): mysqli->query('CREATE TABLE `a...', 0)
#1 D:\xampp\htdocs\agenda2\system\Database\BaseConnection.php(722): CodeIgniter\Database\MySQLi\Connection->execute('CREATE TABLE `a...')
#2 D:\xampp\htdocs\agenda2\system\Database\BaseConnection.php(636): CodeIgniter\Database\BaseConnection->simpleQuery('CREATE TABLE `a...')
#3 D:\xampp\htdocs\agenda2\system\Database\Forge.php(570): CodeIgniter\Database\BaseConnection->query('CREATE TABLE `a...')
#4 D:\xampp\htdocs\agenda2\app\Database\Migrations\2024-05-28-044100_Alumnos.php(48): CodeIgniter\Database\Forge->createTable('alumnos')
#5 D:\xampp\htdocs\agenda2\system\Database\MigrationRunner.php(867): App\Database\Migrations\Alumnos->up()
#6 D:\xampp\htdocs\agenda2\system\Database\MigrationRunner.php(183): CodeIgniter\Database\MigrationRunner->migrate('up', Object(stdClass))
#7 D:\xampp\htdocs\agenda2\system\Commands\Database\Migrate.php(85): CodeIgniter\Database\MigrationRunner->latest(NULL)
#8 D:\xampp\htdocs\agenda2\system\CLI\Commands.php(70): CodeIgniter\Commands\Database\Migrate->run(Array)
#9 D:\xampp\htdocs\agenda2\system\CLI\Console.php(48): CodeIgniter\CLI\Commands->run('migrate', Array)
#10 D:\xampp\htdocs\agenda2\system\Boot.php(338): CodeIgniter\CLI\Console->run()
#11 D:\xampp\htdocs\agenda2\system\Boot.php(104): CodeIgniter\Boot::runCommand(Object(CodeIgniter\CLI\Console))
#12 D:\xampp\htdocs\agenda2\spark(84): CodeIgniter\Boot::bootSpark(Object(Config\Paths))
#13 {main}
ERROR - 2024-05-28 06:43:26 --> mysqli_sql_exception: Can't create table `agenda2`.`alumnos` (errno: 150 "Foreign key constraint is incorrectly formed") in D:\xampp\htdocs\agenda2\system\Database\MySQLi\Connection.php:308
Stack trace:
#0 D:\xampp\htdocs\agenda2\system\Database\MySQLi\Connection.php(308): mysqli->query('CREATE TABLE `a...', 0)
#1 D:\xampp\htdocs\agenda2\system\Database\BaseConnection.php(722): CodeIgniter\Database\MySQLi\Connection->execute('CREATE TABLE `a...')
#2 D:\xampp\htdocs\agenda2\system\Database\BaseConnection.php(636): CodeIgniter\Database\BaseConnection->simpleQuery('CREATE TABLE `a...')
#3 D:\xampp\htdocs\agenda2\system\Database\Forge.php(570): CodeIgniter\Database\BaseConnection->query('CREATE TABLE `a...')
#4 D:\xampp\htdocs\agenda2\app\Database\Migrations\2024-05-28-044100_Alumnos.php(48): CodeIgniter\Database\Forge->createTable('alumnos')
#5 D:\xampp\htdocs\agenda2\system\Database\MigrationRunner.php(867): App\Database\Migrations\Alumnos->up()
#6 D:\xampp\htdocs\agenda2\system\Database\MigrationRunner.php(183): CodeIgniter\Database\MigrationRunner->migrate('up', Object(stdClass))
#7 D:\xampp\htdocs\agenda2\system\Commands\Database\Migrate.php(85): CodeIgniter\Database\MigrationRunner->latest(NULL)
#8 D:\xampp\htdocs\agenda2\system\CLI\Commands.php(70): CodeIgniter\Commands\Database\Migrate->run(Array)
#9 D:\xampp\htdocs\agenda2\system\CLI\Console.php(48): CodeIgniter\CLI\Commands->run('migrate', Array)
#10 D:\xampp\htdocs\agenda2\system\Boot.php(338): CodeIgniter\CLI\Console->run()
#11 D:\xampp\htdocs\agenda2\system\Boot.php(104): CodeIgniter\Boot::runCommand(Object(CodeIgniter\CLI\Console))
#12 D:\xampp\htdocs\agenda2\spark(84): CodeIgniter\Boot::bootSpark(Object(Config\Paths))
#13 {main}
ERROR - 2024-05-28 06:43:35 --> mysqli_sql_exception: Can't create table `agenda2`.`alumnos` (errno: 150 "Foreign key constraint is incorrectly formed") in D:\xampp\htdocs\agenda2\system\Database\MySQLi\Connection.php:308
Stack trace:
#0 D:\xampp\htdocs\agenda2\system\Database\MySQLi\Connection.php(308): mysqli->query('CREATE TABLE `a...', 0)
#1 D:\xampp\htdocs\agenda2\system\Database\BaseConnection.php(722): CodeIgniter\Database\MySQLi\Connection->execute('CREATE TABLE `a...')
#2 D:\xampp\htdocs\agenda2\system\Database\BaseConnection.php(636): CodeIgniter\Database\BaseConnection->simpleQuery('CREATE TABLE `a...')
#3 D:\xampp\htdocs\agenda2\system\Database\Forge.php(570): CodeIgniter\Database\BaseConnection->query('CREATE TABLE `a...')
#4 D:\xampp\htdocs\agenda2\app\Database\Migrations\2024-05-28-044100_Alumnos.php(48): CodeIgniter\Database\Forge->createTable('alumnos')
#5 D:\xampp\htdocs\agenda2\system\Database\MigrationRunner.php(867): App\Database\Migrations\Alumnos->up()
#6 D:\xampp\htdocs\agenda2\system\Database\MigrationRunner.php(183): CodeIgniter\Database\MigrationRunner->migrate('up', Object(stdClass))
#7 D:\xampp\htdocs\agenda2\system\Commands\Database\Migrate.php(85): CodeIgniter\Database\MigrationRunner->latest(NULL)
#8 D:\xampp\htdocs\agenda2\system\CLI\Commands.php(70): CodeIgniter\Commands\Database\Migrate->run(Array)
#9 D:\xampp\htdocs\agenda2\system\CLI\Console.php(48): CodeIgniter\CLI\Commands->run('migrate', Array)
#10 D:\xampp\htdocs\agenda2\system\Boot.php(338): CodeIgniter\CLI\Console->run()
#11 D:\xampp\htdocs\agenda2\system\Boot.php(104): CodeIgniter\Boot::runCommand(Object(CodeIgniter\CLI\Console))
#12 D:\xampp\htdocs\agenda2\spark(84): CodeIgniter\Boot::bootSpark(Object(Config\Paths))
#13 {main}
ERROR - 2024-05-28 07:04:09 --> mysqli_sql_exception: Table 'agenda2.alumnos' doesn't exist in D:\xampp\htdocs\agenda2\system\Database\MySQLi\Connection.php:308
Stack trace:
#0 D:\xampp\htdocs\agenda2\system\Database\MySQLi\Connection.php(308): mysqli->query('ALTER TABLE `al...', 0)
#1 D:\xampp\htdocs\agenda2\system\Database\BaseConnection.php(722): CodeIgniter\Database\MySQLi\Connection->execute('ALTER TABLE `al...')
#2 D:\xampp\htdocs\agenda2\system\Database\BaseConnection.php(636): CodeIgniter\Database\BaseConnection->simpleQuery('ALTER TABLE `al...')
#3 D:\xampp\htdocs\agenda2\system\Database\Forge.php(799): CodeIgniter\Database\BaseConnection->query('ALTER TABLE `al...')
#4 D:\xampp\htdocs\agenda2\app\Database\Migrations\2024-05-28-065212_Agregafechasalumnos.php(25): CodeIgniter\Database\Forge->dropColumn('alumnos', 'updated_at')
#5 D:\xampp\htdocs\agenda2\system\Database\MigrationRunner.php(867): App\Database\Migrations\Agregafechasalumnos->down()
#6 D:\xampp\htdocs\agenda2\system\Database\MigrationRunner.php(290): CodeIgniter\Database\MigrationRunner->migrate('down', Object(stdClass))
#7 D:\xampp\htdocs\agenda2\system\Commands\Database\MigrateRollback.php(87): CodeIgniter\Database\MigrationRunner->regress(2)
#8 D:\xampp\htdocs\agenda2\system\CLI\Commands.php(70): CodeIgniter\Commands\Database\MigrateRollback->run(Array)
#9 D:\xampp\htdocs\agenda2\system\CLI\Console.php(48): CodeIgniter\CLI\Commands->run('migrate:rollbac...', Array)
#10 D:\xampp\htdocs\agenda2\system\Boot.php(338): CodeIgniter\CLI\Console->run()
#11 D:\xampp\htdocs\agenda2\system\Boot.php(104): CodeIgniter\Boot::runCommand(Object(CodeIgniter\CLI\Console))
#12 D:\xampp\htdocs\agenda2\spark(84): CodeIgniter\Boot::bootSpark(Object(Config\Paths))
#13 {main}
ERROR - 2024-05-28 07:17:19 --> mysqli_sql_exception: Cannot add or update a child row: a foreign key constraint fails (`agenda2`.`alumnos`, CONSTRAINT `alumnos_user_id_foreign` FOREIGN KEY (`user_id`) REFERENCES `users` (`id`)) in D:\xampp\htdocs\agenda2\system\Database\MySQLi\Connection.php:308
Stack trace:
#0 D:\xampp\htdocs\agenda2\system\Database\MySQLi\Connection.php(308): mysqli->query('INSERT INTO `al...', 0)
#1 D:\xampp\htdocs\agenda2\system\Database\BaseConnection.php(722): CodeIgniter\Database\MySQLi\Connection->execute('INSERT INTO `al...')
#2 D:\xampp\htdocs\agenda2\system\Database\BaseConnection.php(636): CodeIgniter\Database\BaseConnection->simpleQuery('INSERT INTO `al...')
#3 D:\xampp\htdocs\agenda2\system\Database\BaseBuilder.php(1821): CodeIgniter\Database\BaseConnection->query('INSERT INTO `al...', NULL, false)
#4 D:\xampp\htdocs\agenda2\system\Database\BaseBuilder.php(2210): CodeIgniter\Database\BaseBuilder->batchExecute('_insertBatch', 100)
#5 D:\xampp\htdocs\agenda2\app\Database\Seeds\DocentesSeeder.php(19): CodeIgniter\Database\BaseBuilder->insertBatch(Array)
#6 D:\xampp\htdocs\agenda2\system\Database\Seeder.php(147): App\Database\Seeds\DocentesSeeder->run()
#7 D:\xampp\htdocs\agenda2\system\Commands\Database\Seed.php(79): CodeIgniter\Database\Seeder->call('App\\Database\\Se...')
#8 D:\xampp\htdocs\agenda2\system\CLI\Commands.php(70): CodeIgniter\Commands\Database\Seed->run(Array)
#9 D:\xampp\htdocs\agenda2\system\CLI\Console.php(48): CodeIgniter\CLI\Commands->run('db:seed', Array)
#10 D:\xampp\htdocs\agenda2\system\Boot.php(338): CodeIgniter\CLI\Console->run()
#11 D:\xampp\htdocs\agenda2\system\Boot.php(104): CodeIgniter\Boot::runCommand(Object(CodeIgniter\CLI\Console))
#12 D:\xampp\htdocs\agenda2\spark(84): CodeIgniter\Boot::bootSpark(Object(Config\Paths))
#13 {main}
ERROR - 2024-05-28 07:18:28 --> mysqli_sql_exception: Cannot add or update a child row: a foreign key constraint fails (`agenda2`.`docentes`, CONSTRAINT `docentes_user_id_foreign` FOREIGN KEY (`user_id`) REFERENCES `users` (`id`)) in D:\xampp\htdocs\agenda2\system\Database\MySQLi\Connection.php:308
Stack trace:
#0 D:\xampp\htdocs\agenda2\system\Database\MySQLi\Connection.php(308): mysqli->query('INSERT INTO `do...', 0)
#1 D:\xampp\htdocs\agenda2\system\Database\BaseConnection.php(722): CodeIgniter\Database\MySQLi\Connection->execute('INSERT INTO `do...')
#2 D:\xampp\htdocs\agenda2\system\Database\BaseConnection.php(636): CodeIgniter\Database\BaseConnection->simpleQuery('INSERT INTO `do...')
#3 D:\xampp\htdocs\agenda2\system\Database\BaseBuilder.php(1821): CodeIgniter\Database\BaseConnection->query('INSERT INTO `do...', NULL, false)
#4 D:\xampp\htdocs\agenda2\system\Database\BaseBuilder.php(2210): CodeIgniter\Database\BaseBuilder->batchExecute('_insertBatch', 100)
#5 D:\xampp\htdocs\agenda2\app\Database\Seeds\DocentesSeeder.php(19): CodeIgniter\Database\BaseBuilder->insertBatch(Array)
#6 D:\xampp\htdocs\agenda2\system\Database\Seeder.php(147): App\Database\Seeds\DocentesSeeder->run()
#7 D:\xampp\htdocs\agenda2\system\Commands\Database\Seed.php(79): CodeIgniter\Database\Seeder->call('App\\Database\\Se...')
#8 D:\xampp\htdocs\agenda2\system\CLI\Commands.php(70): CodeIgniter\Commands\Database\Seed->run(Array)
#9 D:\xampp\htdocs\agenda2\system\CLI\Console.php(48): CodeIgniter\CLI\Commands->run('db:seed', Array)
#10 D:\xampp\htdocs\agenda2\system\Boot.php(338): CodeIgniter\CLI\Console->run()
#11 D:\xampp\htdocs\agenda2\system\Boot.php(104): CodeIgniter\Boot::runCommand(Object(CodeIgniter\CLI\Console))
#12 D:\xampp\htdocs\agenda2\spark(84): CodeIgniter\Boot::bootSpark(Object(Config\Paths))
#13 {main}
ERROR - 2024-05-28 07:19:26 --> mysqli_sql_exception: Cannot add or update a child row: a foreign key constraint fails (`agenda2`.`docentes`, CONSTRAINT `docentes_user_id_foreign` FOREIGN KEY (`user_id`) REFERENCES `users` (`id`)) in D:\xampp\htdocs\agenda2\system\Database\MySQLi\Connection.php:308
Stack trace:
#0 D:\xampp\htdocs\agenda2\system\Database\MySQLi\Connection.php(308): mysqli->query('INSERT INTO `do...', 0)
#1 D:\xampp\htdocs\agenda2\system\Database\BaseConnection.php(722): CodeIgniter\Database\MySQLi\Connection->execute('INSERT INTO `do...')
#2 D:\xampp\htdocs\agenda2\system\Database\BaseConnection.php(636): CodeIgniter\Database\BaseConnection->simpleQuery('INSERT INTO `do...')
#3 D:\xampp\htdocs\agenda2\system\Database\BaseBuilder.php(1821): CodeIgniter\Database\BaseConnection->query('INSERT INTO `do...', NULL, false)
#4 D:\xampp\htdocs\agenda2\system\Database\BaseBuilder.php(2210): CodeIgniter\Database\BaseBuilder->batchExecute('_insertBatch', 100)
#5 D:\xampp\htdocs\agenda2\app\Database\Seeds\DocentesSeeder.php(21): CodeIgniter\Database\BaseBuilder->insertBatch(Array)
#6 D:\xampp\htdocs\agenda2\system\Database\Seeder.php(147): App\Database\Seeds\DocentesSeeder->run()
#7 D:\xampp\htdocs\agenda2\system\Commands\Database\Seed.php(79): CodeIgniter\Database\Seeder->call('App\\Database\\Se...')
#8 D:\xampp\htdocs\agenda2\system\CLI\Commands.php(70): CodeIgniter\Commands\Database\Seed->run(Array)
#9 D:\xampp\htdocs\agenda2\system\CLI\Console.php(48): CodeIgniter\CLI\Commands->run('db:seed', Array)
#10 D:\xampp\htdocs\agenda2\system\Boot.php(338): CodeIgniter\CLI\Console->run()
#11 D:\xampp\htdocs\agenda2\system\Boot.php(104): CodeIgniter\Boot::runCommand(Object(CodeIgniter\CLI\Console))
#12 D:\xampp\htdocs\agenda2\spark(84): CodeIgniter\Boot::bootSpark(Object(Config\Paths))
#13 {main}
ERROR - 2024-05-28 07:20:25 --> mysqli_sql_exception: Cannot add or update a child row: a foreign key constraint fails (`agenda2`.`docentes`, CONSTRAINT `docentes_user_id_foreign` FOREIGN KEY (`user_id`) REFERENCES `users` (`id`)) in D:\xampp\htdocs\agenda2\system\Database\MySQLi\Connection.php:308
Stack trace:
#0 D:\xampp\htdocs\agenda2\system\Database\MySQLi\Connection.php(308): mysqli->query('INSERT INTO `do...', 0)
#1 D:\xampp\htdocs\agenda2\system\Database\BaseConnection.php(722): CodeIgniter\Database\MySQLi\Connection->execute('INSERT INTO `do...')
#2 D:\xampp\htdocs\agenda2\system\Database\BaseConnection.php(636): CodeIgniter\Database\BaseConnection->simpleQuery('INSERT INTO `do...')
#3 D:\xampp\htdocs\agenda2\system\Database\BaseBuilder.php(1821): CodeIgniter\Database\BaseConnection->query('INSERT INTO `do...', NULL, false)
#4 D:\xampp\htdocs\agenda2\system\Database\BaseBuilder.php(2210): CodeIgniter\Database\BaseBuilder->batchExecute('_insertBatch', 100)
#5 D:\xampp\htdocs\agenda2\app\Database\Seeds\DocentesSeeder.php(21): CodeIgniter\Database\BaseBuilder->insertBatch(Array)
#6 D:\xampp\htdocs\agenda2\system\Database\Seeder.php(147): App\Database\Seeds\DocentesSeeder->run()
#7 D:\xampp\htdocs\agenda2\system\Commands\Database\Seed.php(79): CodeIgniter\Database\Seeder->call('App\\Database\\Se...')
#8 D:\xampp\htdocs\agenda2\system\CLI\Commands.php(70): CodeIgniter\Commands\Database\Seed->run(Array)
#9 D:\xampp\htdocs\agenda2\system\CLI\Console.php(48): CodeIgniter\CLI\Commands->run('db:seed', Array)
#10 D:\xampp\htdocs\agenda2\system\Boot.php(338): CodeIgniter\CLI\Console->run()
#11 D:\xampp\htdocs\agenda2\system\Boot.php(104): CodeIgniter\Boot::runCommand(Object(CodeIgniter\CLI\Console))
#12 D:\xampp\htdocs\agenda2\spark(84): CodeIgniter\Boot::bootSpark(Object(Config\Paths))
#13 {main}
INFO - 2024-05-28 07:48:23 --> Session: Class initialized using 'CodeIgniter\Session\Handlers\FileHandler' driver.
CRITICAL - 2024-05-28 07:48:24 --> CodeIgniter\View\Exceptions\ViewException: Invalid file: "docentes/index.php"
[Method: GET, Route: docentes]
in SYSTEMPATH\Exceptions\FrameworkException.php on line 41.
 1 SYSTEMPATH\View\View.php(222): CodeIgniter\Exceptions\FrameworkException::forInvalidFile('docentes/index.php')
 2 SYSTEMPATH\Common.php(1171): CodeIgniter\View\View->render('docentes/index', [], true)
 3 APPPATH\Controllers\Docentes.php(16): view('docentes/index')
 4 SYSTEMPATH\CodeIgniter.php(933): App\Controllers\Docentes->index()
 5 SYSTEMPATH\CodeIgniter.php(509): CodeIgniter\CodeIgniter->runController(Object(App\Controllers\Docentes))
 6 SYSTEMPATH\CodeIgniter.php(355): CodeIgniter\CodeIgniter->handleRequest(null, Object(Config\Cache), false)
 7 SYSTEMPATH\Boot.php(312): CodeIgniter\CodeIgniter->run()
 8 SYSTEMPATH\Boot.php(67): CodeIgniter\Boot::runCodeIgniter(Object(CodeIgniter\CodeIgniter))
 9 FCPATH\index.php(56): CodeIgniter\Boot::bootWeb(Object(Config\Paths))
INFO - 2024-05-28 07:50:04 --> Session: Class initialized using 'CodeIgniter\Session\Handlers\FileHandler' driver.
INFO - 2024-05-28 07:59:07 --> Session: Class initialized using 'CodeIgniter\Session\Handlers\FileHandler' driver.
INFO - 2024-05-28 07:59:08 --> Session: Class initialized using 'CodeIgniter\Session\Handlers\FileHandler' driver.
INFO - 2024-05-28 07:59:09 --> Session: Class initialized using 'CodeIgniter\Session\Handlers\FileHandler' driver.
